Custom query where='source_id in (2216536246703152256,5616197646838713728,2065235853217670656,5350358584482202880,534889699426804224,2203889767044993920,482818271843093376,5337891256535666176,2202630001603369856,5351420437845776256,5350406619413548032,5351701122540337792,5350668303173229824,2705401759471719168,6045440595422971776,4933453324590295040,5979926504430920192,2005992002061917312,3131898712120792064,394976501194687488,969823376583544576,3047763601330845312,2061242908036996352,2922367976673391232,204531088580182016,3028867978609417344,3352789979664648064,1971467916750747264))'
Launching Gaia DR3 query …
Gaia query returned 28 rows.

Enriching nominal candidates (top50_nom) with SIMBAD info …

Enriching lower-bound candidates (top50_lb) with SIMBAD info …

Number of nominal candidates: 28
Number of lower-bound candidates: 28

Final Table (Nominal candidates):
   main_id              common            Vmag  ... lum var       Gaia DR3     
------------- -------------------------- ------ ... --- --- -------------------
    HD  30353 LAMOST J044854.23+431639.2  7.760 ...  Ia N/A  204531088580182016
    V* AO Cas              TIC 202133804  6.140 ...  II N/A  394976501194687488
    * alf Cam              TIC 281696989  4.290 ...  Ia N/A  482818271843093376
    HD   7389              TIC 352284047  5.860 ... N/A N/A  534889699426804224
    HD  41161              TIC 416954881  6.764 ...   V N/A  969823376583544576
    *  68 Cyg              TIC 138317746  5.000 ... III N/A 1971467916750747264
    V* RW Cep              TIC 422108142  6.650 ...  Ia N/A 2005992002061917312
      * P Cyg               TIC 12149245  4.820 ...  Ia N/A 2061242908036996352
      NML Cyg              OH 080.8-01.9    N/A ... N/A N/A 2065235853217670656
    * mu. Cep              TIC 260614141  4.080 ...  Ia N/A 2202630001603369856
          ...                        ...    ... ... ... ...                 ...
  * bet Phe A           WDS J01061-4643A  4.000 ... N/A N/A 4933453324590295040
      * x Car              TIC 306916925  3.830 ...  Ia N/A 5337891256535666176
    * eta Car      SRGA J104503.3-594104  6.480 ...   V N/A 5350358584482202880
    HD  92964  WISEA J104240.58-591256.7  5.510 ...  Ia N/A 5350406619413548032
    HD  92207                 LLNS  2006  5.450 ...  Ia N/A 5350668303173229824
    HD  91533              TIC 457766442  6.006 ...  Ia N/A 5351420437845776256
  V* V399 Car              TIC 464732822  4.700 ...  Ia N/A 5351701122540337792
NAME VY CMa B                 ** B  719B 10.340 ... N/A N/A 5616197646838713728
    V* AH Sco               TIC 45344564  8.100 ...  Ia N/A 5979926504430920192
    HD 147955       AP J16255065-2634062  7.270 ...   V N/A 6045440595422971776
Length = 28 rows

Final Table (Lower-bound candidates):
   main_id              common            Vmag  ... lum var       Gaia DR3     
------------- -------------------------- ------ ... --- --- -------------------
    HD  30353 LAMOST J044854.23+431639.2  7.760 ...  Ia N/A  204531088580182016
    V* AO Cas              TIC 202133804  6.140 ...  II N/A  394976501194687488
    * alf Cam              TIC 281696989  4.290 ...  Ia N/A  482818271843093376
    HD   7389              TIC 352284047  5.860 ... N/A N/A  534889699426804224
    HD  41161              TIC 416954881  6.764 ...   V N/A  969823376583544576
    *  68 Cyg              TIC 138317746  5.000 ... III N/A 1971467916750747264
    V* RW Cep              TIC 422108142  6.650 ...  Ia N/A 2005992002061917312
      * P Cyg               TIC 12149245  4.820 ...  Ia N/A 2061242908036996352
      NML Cyg              OH 080.8-01.9    N/A ... N/A N/A 2065235853217670656
    * mu. Cep              TIC 260614141  4.080 ...  Ia N/A 2202630001603369856
          ...                        ...    ... ... ... ...                 ...
  * bet Phe A           WDS J01061-4643A  4.000 ... N/A N/A 4933453324590295040
      * x Car              TIC 306916925  3.830 ...  Ia N/A 5337891256535666176
    * eta Car      SRGA J104503.3-594104  6.480 ...   V N/A 5350358584482202880
    HD  92964  WISEA J104240.58-591256.7  5.510 ...  Ia N/A 5350406619413548032
    HD  92207                 LLNS  2006  5.450 ...  Ia N/A 5350668303173229824
    HD  91533              TIC 457766442  6.006 ...  Ia N/A 5351420437845776256
  V* V399 Car              TIC 464732822  4.700 ...  Ia N/A 5351701122540337792
NAME VY CMa B                 ** B  719B 10.340 ... N/A N/A 5616197646838713728
    V* AH Sco               TIC 45344564  8.100 ...  Ia N/A 5979926504430920192
    HD 147955       AP J16255065-2634062  7.270 ...   V N/A 6045440595422971776
Length = 28 rows

Final tables saved to 'gaia_top20_nominal.csv' and 'gaia_top20_lowerbound.csv'.
